<?xml version="1.0" encoding="UTF-8"?>
<testng-results skipped="0" failed="0" total="1" passed="1">
  <reporter-output>
    <line>
      <![CDATA[Opening Gmail in firefox]]>
    </line>
    <line>
      <![CDATA[Opening Github in Chrome]]>
    </line>
  </reporter-output>
  <suite name="Suite" duration-ms="30912" started-at="2016-08-17T06:38:40Z" finished-at="2016-08-17T06:39:11Z">
    <groups>
    </groups>
    <test name="Test" duration-ms="30912" started-at="2016-08-17T06:38:40Z" finished-at="2016-08-17T06:39:11Z">
      <class name="com.DynamicElements.DE.DynamicElementsClass">
        <test-method status="PASS" signature="DynamicElements()[pri:0, instance:com.DynamicElements.DE.DynamicElementsClass@190c9c3]" name="DynamicElements" duration-ms="30853" started-at="2016-08-17T12:08:40Z" finished-at="2016-08-17T12:09:11Z">
          <reporter-output>
            <line>
              <![CDATA[Opening Gmail in firefox]]>
            </line>
            <line>
              <![CDATA[Opening Github in Chrome]]>
            </line>
          </reporter-output>
        </test-method> <!-- DynamicElements -->
      </class> <!-- com.DynamicElements.DE.DynamicElementsClass -->
    </test> <!-- Test -->
  </suite> <!-- Suite -->
</testng-results>
